<?xml version="1.0" encoding="UTF-8"?>
<!-- Generated by org.testng.reporters.JUnitXMLReporter -->
<testsuite ignored="0" hostname="118223-001L-IND" failures="1" tests="3" name="Test BTN " time="24.121" errors="0" timestamp="2023-10-04T09:27:50 ICT">
  <testcase classname="tests.TestBtn" name="testBtnConvertValas" time="8.168"/>
  <testcase classname="tests.TestBtn" name="moveValasConvert" time="1.324">
    <skipped/>
  </testcase> <!-- moveValasConvert -->
  <testcase classname="tests.TestBtn" name="moveValasConvert" time="1.645">
    <failure type="java.lang.NumberFormatException" message="For input string: &amp;quot;15.690,00&amp;quot;">
      <![CDATA[java.lang.NumberFormatException: For input string: "15.690,00"
at java.base/java.lang.NumberFormatException.forInputString(NumberFormatException.java:67)
at java.base/java.lang.Integer.parseInt(Integer.java:668)
at java.base/java.lang.Integer.parseInt(Integer.java:786)
at org.example.TestBtnPages.verifyHasil(TestBtnPages.java:72)
at tests.TestBtn.moveValasConvert(TestBtn.java:32)
at java.base/java.util.concurrent.ThreadPoolExecutor.runWorker(ThreadPoolExecutor.java:1136)
at java.base/java.util.concurrent.ThreadPoolExecutor$Worker.run(ThreadPoolExecutor.java:635)
at java.base/java.lang.Thread.run(Thread.java:833)
... Removed 12 stack frames]]>
    </failure>
  </testcase> <!-- moveValasConvert -->
</testsuite> <!-- Test BTN  -->
